{
  "stats": {
    "suites": 1,
    "tests": 1,
    "passes": 0,
    "pending": 0,
    "failures": 1,
    "start": "2021-08-16T11:00:36.614Z",
    "end": "2021-08-16T11:00:41.635Z",
    "duration": 5021,
    "testsRegistered": 1,
    "passPercent": 0,
    "pendingPercent": 0,
    "other": 0,
    "hasOther": false,
    "skipped": 0,
    "hasSkipped": false
  },
  "results": [
    {
      "uuid": "eac88ac4-49bf-4218-9cd9-176d6acacb26",
      "title": "",
      "fullFile": "cypress/integration/cohorts.spec.js",
      "file": "cypress/integration/cohorts.spec.js",
      "beforeHooks": [],
      "afterHooks": [],
      "tests": [],
      "suites": [
        {
          "uuid": "02422a2b-c491-4de3-9c00-351f4a316c65",
          "title": "Cohorts",
          "fullFile": "",
          "file": "",
          "beforeHooks": [],
          "afterHooks": [],
          "tests": [
            {
              "title": "Shows a list of cohorts",
              "fullTitle": "Cohorts Shows a list of cohorts",
              "timedOut": null,
              "duration": 4889,
              "state": "failed",
              "speed": null,
              "pass": false,
              "fail": true,
              "pending": false,
              "context": null,
              "code": "cy.visit('/cohorts');\ncy.get('#cohorts-list').should(\"contain\", \"MOCK cohort name\");",
              "err": {
                "message": "AssertionError: Timed out retrying after 4000ms: expected '<div#cohorts-list>' to contain 'MOCK cohort name'",
                "estack": "AssertionError: Timed out retrying after 4000ms: expected '<div#cohorts-list>' to contain 'MOCK cohort name'\n    at Context.eval (http://localhost:3000/__cypress/tests?p=cypress/integration/cohorts.spec.js:107:29)",
                "diff": null
              },
              "uuid": "c253570e-66d7-43b4-a81e-7fa65137e5cb",
              "parentUUID": "02422a2b-c491-4de3-9c00-351f4a316c65",
              "isHook": false,
              "skipped": false
            }
          ],
          "suites": [],
          "passes": [],
          "failures": [
            "c253570e-66d7-43b4-a81e-7fa65137e5cb"
          ],
          "pending": [],
          "skipped": [],
          "duration": 4889,
          "root": false,
          "rootEmpty": false,
          "_timeout": 2000
        }
      ],
      "passes": [],
      "failures": [],
      "pending": [],
      "skipped": [],
      "duration": 0,
      "root": true,
      "rootEmpty": true,
      "_timeout": 2000
    }
  ],
  "meta": {
    "mocha": {
      "version": "7.0.1"
    },
    "mochawesome": {
      "options": {
        "quiet": false,
        "reportFilename": "mochawesome",
        "saveHtml": false,
        "saveJson": true,
        "consoleReporter": "spec",
        "useInlineDiffs": false,
        "code": true
      },
      "version": "6.2.2"
    },
    "marge": {
      "options": {
        "reportDir": "cypress/report/mochawesome-report",
        "overwrite": false,
        "html": false,
        "json": true,
        "timestamp": "mmddyyyy_HHMMss"
      },
      "version": "5.2.0"
    }
  }
}